app/build/outputs/logs/manifest-merger-release-report.txt
-- Merging decision tree log ---
manifest
ADDED from src\main\AndroidManifest.xml:2:1-42:12
INJECTED from src\main\AndroidManifest.xml:2:1-42:12
INJECTED from src\main\AndroidManifest.xml:2:1-42:12
INJECTED from src\main\AndroidManifest.xml:2:1-42:12
MERGED from [com.google.android.material:material:1.7.0] AndroidManifest.xml:17:1-26:12
MERGED from [androidx.constraintlayout:constraintlayout:2.1.4] AndroidManifest.xml:2:1-11:12
MERGED from [com.github.LuckSiege.PictureSelector:picture_library:v2.6.0] AndroidManifest.xml:2:1-72:12
MERGED from [androidx.appcompat:appcompat-resources:1.5.1] AndroidManifest.xml:17:1-22:12
MERGED from [com.github.LuckSiege.PictureSelector:ucrop:v2.6.0] AndroidManifest.xml:2:1-11:12
MERGED from [androidx.camera:camera-view:1.0.0-alpha19] AndroidManifest.xml:17:1-24:12
MERGED from [androidx.appcompat:appcompat:1.5.1] AndroidManifest.xml:17:1-22:12
MERGED from [androidx.viewpager2:viewpager2:1.0.0] AndroidManifest.xml:17:1-24:12
MERGED from [androidx.recyclerview:recyclerview:1.2.1] AndroidManifest.xml:17:1-24:12
MERGED from [com.github.bumptech.glide:glide:4.14.2] AndroidManifest.xml:2:1-11:12
MERGED from [androidx.fragment:fragment:1.3.6] AndroidManifest.xml:17:1-24:12
MERGED from [androidx.activity:activity:1.5.1] AndroidManifest.xml:17:1-24:12
MERGED from [androidx.emoji2:emoji2-views-helper:1.2.0] AndroidManifest.xml:2:1-7:12
MERGED from [androidx.emoji2:emoji2:1.2.0] AndroidManifest.xml:17:1-35:12
MERGED from [androidx.drawerlayout:drawerlayout:1.1.1] AndroidManifest.xml:17:1-24:12
MERGED from [androidx.coordinatorlayout:coordinatorlayout:1.1.0] AndroidManifest.xml:17:1-24:12
MERGED from [androidx.dynamicanimation:dynamicanimation:1.0.0] AndroidManifest.xml:17:1-22:12
MERGED from [androidx.vectordrawable:vectordrawable-animated:1.1.0] AndroidManifest.xml:17:1-24:12
MERGED from [androidx.vectordrawable:vectordrawable:1.1.0] AndroidManifest.xml:17:1-24:12
MERGED from [androidx.camera:camera-lifecycle:1.0.0-beta12] AndroidManifest.xml:17:1-24:12
MERGED from [androidx.viewpager:viewpager:1.0.0] AndroidManifest.xml:17:1-22:12
MERGED from [androidx.legacy:legacy-support-core-utils:1.0.0] AndroidManifest.xml:17:1-22:12
MERGED from [androidx.loader:loader:1.0.0] AndroidManifest.xml:17:1-22:12
MERGED from [androidx.customview:customview:1.1.0] AndroidManifest.xml:17:1-24:12
MERGED from [androidx.transition:transition:1.3.1] AndroidManifest.xml:17:1-24:12
MERGED from [androidx.camera:camera-core:1.0.0-beta12] AndroidManifest.xml:17:1-24:12
MERGED from [androidx.core:core:1.9.0] AndroidManifest.xml:17:1-30:12
MERGED from [androidx.lifecycle:lifecycle-viewmodel:2.5.1] AndroidManifest.xml:17:1-24:12
MERGED from [androidx.lifecycle:lifecycle-viewmodel-savedstate:2.5.1] AndroidManifest.xml:17:1-24:12
MERGED from [androidx.core:core-ktx:1.9.0] AndroidManifest.xml:2:1-7:12
MERGED from [io.github.inflationx:calligraphy3:3.1.1] AndroidManifest.xml:2:1-13:12
MERGED from [io.github.inflationx:viewpump:2.0.3] AndroidManifest.xml:2:1-11:12
MERGED from [androidx.savedstate:savedstate:1.2.0] AndroidManifest.xml:17:1-24:12
MERGED from [com.zhy:okhttputils:2.0.0] AndroidManifest.xml:2:1-19:12
MERGED from [androidx.annotation:annotation-experimental:1.3.0] AndroidManifest.xml:17:1-22:12
MERGED from [androidx.cursoradapter:cursoradapter:1.0.0] AndroidManifest.xml:17:1-22:12
MERGED from [androidx.lifecycle:lifecycle-process:2.4.1] AndroidManifest.xml:17:1-37:12
MERGED from [androidx.lifecycle:lifecycle-runtime:2.5.1] AndroidManifest.xml:17:1-24:12
MERGED from [androidx.cardview:cardview:1.0.0] AndroidManifest.xml:17:1-22:12
MERGED from [com.github.bumptech.glide:gifdecoder:4.14.2] AndroidManifest.xml:2:1-11:12
MERGED from [androidx.exifinterface:exifinterface:1.3.3] AndroidManifest.xml:17:1-24:12
MERGED from [androidx.startup:startup-runtime:1.1.1] AndroidManifest.xml:17:1-33:12
MERGED from [androidx.tracing:tracing:1.0.0] AndroidManifest.xml:17:1-24:12
MERGED from [androidx.localbroadcastmanager:localbroadcastmanager:1.0.0] AndroidManifest.xml:17:1-22:12
MERGED from [androidx.versionedparcelable:versionedparcelable:1.1.1] AndroidManifest.xml:17:1-27:12
MERGED from [androidx.lifecycle:lifecycle-livedata:2.1.0] AndroidManifest.xml:17:1-22:12
MERGED from [androidx.lifecycle:lifecycle-livedata-core:2.5.1] AndroidManifest.xml:17:1-24:12
MERGED from [androidx.arch.core:core-runtime:2.1.0] AndroidManifest.xml:17:1-24:12
MERGED from [androidx.interpolator:interpolator:1.0.0] AndroidManifest.xml:17:1-22:12
MERGED from [androidx.documentfile:documentfile:1.0.0] AndroidManifest.xml:17:1-22:12
MERGED from [androidx.print:print:1.0.0] AndroidManifest.xml:17:1-22:12
INJECTED from src\main\AndroidManifest.xml:2:1-42:12
INJECTED from src\main\AndroidManifest.xml:2:1-42:12
INJECTED from src\main\AndroidManifest.xml:2:1-42:12
	package
		ADDED from src\main\AndroidManifest.xml:3:5-50
		INJECTED from src\main\AndroidManifest.xml
		INJECTED from src\main\AndroidManifest.xml
	android:versionName
		INJECTED from src\main\AndroidManifest.xml
		ADDED from src\main\AndroidManifest.xml:2:1-42:12
		INJECTED from src\main\AndroidManifest.xml
	android:versionCode
		INJECTED from src\main\AndroidManifest.xml
		ADDED from src\main\AndroidManifest.xml:2:1-42:12
		INJECTED from src\main\AndroidManifest.xml
	xmlns:android
		ADDED from src\main\AndroidManifest.xml:2:11-69
uses-permission#android.permission.ACCESS_NETWORK_STATE
ADDED from src\main\AndroidManifest.xml:5:5-79
	android:name
		ADDED from src\main\AndroidManifest.xml:5:22-76
uses-permission#android.permission.READ_EXTERNAL_STORAGE
ADDED from src\main\AndroidManifest.xml:6:5-79
	android:name
		ADDED from src\main\AndroidManifest.xml:6:22-77
uses-permission#android.permission.CAMERA
ADDED from src\main\AndroidManifest.xml:7:5-64
	android:name
		ADDED from src\main\AndroidManifest.xml:7:22-62
uses-permission#android.permission.INTERNET
ADDED from src\main\AndroidManifest.xml:8:5-66
MERGED from [com.zhy:okhttputils:2.0.0] AndroidManifest.xml:11:5-67
MERGED from [com.zhy:okhttputils:2.0.0] AndroidManifest.xml:11:5-67
	android:name
		ADDED from src\main\AndroidManifest.xml:8:22-64
uses-permission#android.permission.CHANGE_WIFI_STATE
ADDED from src\main\AndroidManifest.xml:9:5-75
	android:name
		ADDED from src\main\AndroidManifest.xml:9:22-73
uses-permission#android.permission.ACCESS_WIFI_STATE
ADDED from src\main\AndroidManifest.xml:10:5-75
	android:name
		ADDED from src\main\AndroidManifest.xml:10:22-73
application
ADDED from src\main\AndroidManifest.xml:13:5-40:19
MERGED from [com.google.android.material:material:1.7.0] AndroidManifest.xml:24:5-20
MERGED from [com.google.android.material:material:1.7.0] AndroidManifest.xml:24:5-20
MERGED from [androidx.constraintlayout:constraintlayout:2.1.4] AndroidManifest.xml:9:5-20
MERGED from [androidx.constraintlayout:constraintlayout:2.1.4] AndroidManifest.xml:9:5-20
MERGED from [com.github.LuckSiege.PictureSelector:picture_library:v2.6.0] AndroidManifest.xml:24:5-70:19
MERGED from [com.github.LuckSiege.PictureSelector:picture_library:v2.6.0] AndroidManifest.xml:24:5-70:19
MERGED from [com.github.bumptech.glide:glide:4.14.2] AndroidManifest.xml:9:5-20
MERGED from [com.github.bumptech.glide:glide:4.14.2] AndroidManifest.xml:9:5-20
MERGED from [androidx.emoji2:emoji2:1.2.0] AndroidManifest.xml:23:5-33:19
MERGED from [androidx.emoji2:emoji2:1.2.0] AndroidManifest.xml:23:5-33:19
MERGED from [androidx.core:core:1.9.0] AndroidManifest.xml:28:5-89
MERGED from [androidx.core:core:1.9.0] AndroidManifest.xml:28:5-89
MERGED from [io.github.inflationx:calligraphy3:3.1.1] AndroidManifest.xml:11:5-20
MERGED from [io.github.inflationx:calligraphy3:3.1.1] AndroidManifest.xml:11:5-20
MERGED from [io.github.inflationx:viewpump:2.0.3] AndroidManifest.xml:9:5-20
MERGED from [io.github.inflationx:viewpump:2.0.3] AndroidManifest.xml:9:5-20
MERGED from [com.zhy:okhttputils:2.0.0] AndroidManifest.xml:14:5-17:19
MERGED from [com.zhy:okhttputils:2.0.0] AndroidManifest.xml:14:5-17:19
MERGED from [androidx.lifecycle:lifecycle-process:2.4.1] AndroidManifest.xml:25:5-35:19
MERGED from [androidx.lifecycle:lifecycle-process:2.4.1] AndroidManifest.xml:25:5-35:19
MERGED from [com.github.bumptech.glide:gifdecoder:4.14.2] AndroidManifest.xml:9:5-20
MERGED from [com.github.bumptech.glide:gifdecoder:4.14.2] AndroidManifest.xml:9:5-20
MERGED from [androidx.startup:startup-runtime:1.1.1] AndroidManifest.xml:25:5-31:19
MERGED from [androidx.startup:startup-runtime:1.1.1] AndroidManifest.xml:25:5-31:19
MERGED from [androidx.versionedparcelable:versionedparcelable:1.1.1] AndroidManifest.xml:24:5-25:19
MERGED from [androidx.versionedparcelable:versionedparcelable:1.1.1] AndroidManifest.xml:24:5-25:19
	android:appComponentFactory
		ADDED from [androidx.core:core:1.9.0] AndroidManifest.xml:28:18-86
	android:supportsRtl
		ADDED from src\main\AndroidManifest.xml:19:9-35
	android:label
		ADDED from src\main\AndroidManifest.xml:17:9-41
	android:allowClearUserData
		ADDED from src\main\AndroidManifest.xml:20:9-42
	android:roundIcon
		ADDED from src\main\AndroidManifest.xml:18:9-52
	android:icon
		ADDED from src\main\AndroidManifest.xml:16:9-47
	android:allowBackup
		ADDED from src\main\AndroidManifest.xml:15:9-35
	android:theme
		ADDED from src\main\AndroidManifest.xml:22:9-40
	android:networkSecurityConfig
		ADDED from src\main\AndroidManifest.xml:21:9-69
	android:name
		ADDED from src\main\AndroidManifest.xml:14:9-73
activity#com.example.huangjinyuxuexiqiangguo.activity.OpenActivity
ADDED from src\main\AndroidManifest.xml:23:9-30:20
	android:exported
		ADDED from src\main\AndroidManifest.xml:24:13-36
	android:name
		ADDED from src\main\AndroidManifest.xml:23:19-91
intent-filter#action:name:android.intent.action.MAIN+category:name:android.intent.category.LAUNCHER
ADDED from src\main\AndroidManifest.xml:25:13-29:29
action#android.intent.action.MAIN
ADDED from src\main\AndroidManifest.xml:26:17-69
	android:name
		ADDED from src\main\AndroidManifest.xml:26:25-66
category#android.intent.category.LAUNCHER
ADDED from src\main\AndroidManifest.xml:28:17-77
	android:name
		ADDED from src\main\AndroidManifest.xml:28:27-74
activity#com.example.huangjinyuxuexiqiangguo.activity.MainActivity
ADDED from src\main\AndroidManifest.xml:31:9-93
	android:name
		ADDED from src\main\AndroidManifest.xml:31:19-91
activity#com.example.huangjinyuxuexiqiangguo.activity.LoginActivity
ADDED from src\main\AndroidManifest.xml:32:9-94
	android:name
		ADDED from src\main\AndroidManifest.xml:32:19-92
activity#com.example.huangjinyuxuexiqiangguo.activity.RegisterActivity
ADDED from src\main\AndroidManifest.xml:33:9-97
	android:name
		ADDED from src\main\AndroidManifest.xml:33:19-95
activity#com.example.huangjinyuxuexiqiangguo.activity.NewsDataDetailActivity
ADDED from src\main\AndroidManifest.xml:34:9-103
	android:name
		ADDED from src\main\AndroidManifest.xml:34:19-101
activity#com.example.huangjinyuxuexiqiangguo.activity.PasswordActivity
ADDED from src\main\AndroidManifest.xml:35:9-97
	android:name
		ADDED from src\main\AndroidManifest.xml:35:19-95
activity#com.example.huangjinyuxuexiqiangguo.activity.PersonActivity
ADDED from src\main\AndroidManifest.xml:36:9-95
	android:name
		ADDED from src\main\AndroidManifest.xml:36:19-93
activity#com.example.huangjinyuxuexiqiangguo.activity.VideoActivity
ADDED from src\main\AndroidManifest.xml:37:9-94
	android:name
		ADDED from src\main\AndroidManifest.xml:37:19-92
activity#com.example.huangjinyuxuexiqiangguo.activity.SetActivity
ADDED from src\main\AndroidManifest.xml:38:9-58
	android:name
		ADDED from src\main\AndroidManifest.xml:38:19-55
activity#com.example.huangjinyuxuexiqiangguo.activity.AboutUsActivity
ADDED from src\main\AndroidManifest.xml:39:9-62
	android:name
		ADDED from src\main\AndroidManifest.xml:39:19-59
uses-sdk
INJECTED from src\main\AndroidManifest.xml reason: use-sdk injection requested
INJECTED from src\main\AndroidManifest.xml
INJECTED from src\main\AndroidManifest.xml
MERGED from [com.google.android.material:material:1.7.0] AndroidManifest.xml:20:5-22:41
MERGED from [com.google.android.material:material:1.7.0] AndroidManifest.xml:20:5-22:41
MERGED from [androidx.constraintlayout:constraintlayout:2.1.4] AndroidManifest.xml:5:5-7:41
MERGED from [androidx.constraintlayout:constraintlayout:2.1.4] AndroidManifest.xml:5:5-7:41
MERGED from [com.github.LuckSiege.PictureSelector:picture_library:v2.6.0] AndroidManifest.xml:8:5-11:173
MERGED from [com.github.LuckSiege.PictureSelector:picture_library:v2.6.0] AndroidManifest.xml:8:5-11:173
MERGED from [androidx.appcompat:appcompat-resources:1.5.1] AndroidManifest.xml:20:5-44
MERGED from [androidx.appcompat:appcompat-resources:1.5.1] AndroidManifest.xml:20:5-44
MERGED from [com.github.LuckSiege.PictureSelector:ucrop:v2.6.0] AndroidManifest.xml:7:5-9:41
MERGED from [com.github.LuckSiege.PictureSelector:ucrop:v2.6.0] AndroidManifest.xml:7:5-9:41
MERGED from [androidx.camera:camera-view:1.0.0-alpha19] AndroidManifest.xml:20:5-22:41
MERGED from [androidx.camera:camera-view:1.0.0-alpha19] AndroidManifest.xml:20:5-22:41
MERGED from [androidx.appcompat:appcompat:1.5.1] AndroidManifest.xml:20:5-44
MERGED from [androidx.appcompat:appcompat:1.5.1] AndroidManifest.xml:20:5-44
MERGED from [androidx.viewpager2:viewpager2:1.0.0] AndroidManifest.xml:20:5-22:41
MERGED from [androidx.viewpager2:viewpager2:1.0.0] AndroidManifest.xml:20:5-22:41
MERGED from [androidx.recyclerview:recyclerview:1.2.1] AndroidManifest.xml:20:5-22:41
MERGED from [androidx.recyclerview:recyclerview:1.2.1] AndroidManifest.xml:20:5-22:41
MERGED from [com.github.bumptech.glide:glide:4.14.2] AndroidManifest.xml:5:5-7:41
MERGED from [com.github.bumptech.glide:glide:4.14.2] AndroidManifest.xml:5:5-7:41
MERGED from [androidx.fragment:fragment:1.3.6] AndroidManifest.xml:20:5-22:41
MERGED from [androidx.fragment:fragment:1.3.6] AndroidManifest.xml:20:5-22:41
MERGED from [androidx.activity:activity:1.5.1] AndroidManifest.xml:20:5-22:41
MERGED from [androidx.activity:activity:1.5.1] AndroidManifest.xml:20:5-22:41
MERGED from [androidx.emoji2:emoji2-views-helper:1.2.0] AndroidManifest.xml:5:5-44
MERGED from [androidx.emoji2:emoji2-views-helper:1.2.0] AndroidManifest.xml:5:5-44
MERGED from [androidx.emoji2:emoji2:1.2.0] AndroidManifest.xml:21:5-44
MERGED from [androidx.emoji2:emoji2:1.2.0] AndroidManifest.xml:21:5-44
MERGED from [androidx.drawerlayout:drawerlayout:1.1.1] AndroidManifest.xml:20:5-22:41
MERGED from [androidx.drawerlayout:drawerlayout:1.1.1] AndroidManifest.xml:20:5-22:41
MERGED from [androidx.coordinatorlayout:coordinatorlayout:1.1.0] AndroidManifest.xml:20:5-22:41
MERGED from [androidx.coordinatorlayout:coordinatorlayout:1.1.0] AndroidManifest.xml:20:5-22:41
MERGED from [androidx.dynamicanimation:dynamicanimation:1.0.0] AndroidManifest.xml:20:5-44
MERGED from [androidx.dynamicanimation:dynamicanimation:1.0.0] AndroidManifest.xml:20:5-44
MERGED from [androidx.vectordrawable:vectordrawable-animated:1.1.0] AndroidManifest.xml:20:5-22:41
MERGED from [androidx.vectordrawable:vectordrawable-animated:1.1.0] AndroidManifest.xml:20:5-22:41
MERGED from [androidx.vectordrawable:vectordrawable:1.1.0] AndroidManifest.xml:20:5-22:41
MERGED from [androidx.vectordrawable:vectordrawable:1.1.0] AndroidManifest.xml:20:5-22:41
MERGED from [androidx.camera:camera-lifecycle:1.0.0-beta12] AndroidManifest.xml:20:5-22:41
MERGED from [androidx.camera:camera-lifecycle:1.0.0-beta12] AndroidManifest.xml:20:5-22:41
MERGED from [androidx.viewpager:viewpager:1.0.0] AndroidManifest.xml:20:5-44
MERGED from [androidx.viewpager:viewpager:1.0.0] AndroidManifest.xml:20:5-44
MERGED from [androidx.legacy:legacy-support-core-utils:1.0.0] AndroidManifest.xml:20:5-44
MERGED from [androidx.legacy:legacy-support-core-utils:1.0.0] AndroidManifest.xml:20:5-44
MERGED from [androidx.loader:loader:1.0.0] AndroidManifest.xml:20:5-44
MERGED from [androidx.loader:loader:1.0.0] AndroidManifest.xml:20:5-44
MERGED from [androidx.customview:customview:1.1.0] AndroidManifest.xml:20:5-22:41
MERGED from [androidx.customview:customview:1.1.0] AndroidManifest.xml:20:5-22:41
MERGED from [androidx.transition:transition:1.3.1] AndroidManifest.xml:20:5-22:41
MERGED from [androidx.transition:transition:1.3.1] AndroidManifest.xml:20:5-22:41
MERGED from [androidx.camera:camera-core:1.0.0-beta12] AndroidManifest.xml:20:5-22:41
MERGED from [androidx.camera:camera-core:1.0.0-beta12] AndroidManifest.xml:20:5-22:41
MERGED from [androidx.core:core:1.9.0] AndroidManifest.xml:20:5-44
MERGED from [androidx.core:core:1.9.0] AndroidManifest.xml:20:5-44
MERGED from [androidx.lifecycle:lifecycle-viewmodel:2.5.1] AndroidManifest.xml:20:5-22:41
MERGED from [androidx.lifecycle:lifecycle-viewmodel:2.5.1] AndroidManifest.xml:20:5-22:41
MERGED from [androidx.lifecycle:lifecycle-viewmodel-savedstate:2.5.1] AndroidManifest.xml:20:5-22:41
MERGED from [androidx.lifecycle:lifecycle-viewmodel-savedstate:2.5.1] AndroidManifest.xml:20:5-22:41
MERGED from [androidx.core:core-ktx:1.9.0] AndroidManifest.xml:5:5-44
MERGED from [androidx.core:core-ktx:1.9.0] AndroidManifest.xml:5:5-44
MERGED from [io.github.inflationx:calligraphy3:3.1.1] AndroidManifest.xml:7:5-9:41
MERGED from [io.github.inflationx:calligraphy3:3.1.1] AndroidManifest.xml:7:5-9:41
MERGED from [io.github.inflationx:viewpump:2.0.3] AndroidManifest.xml:5:5-7:41
MERGED from [io.github.inflationx:viewpump:2.0.3] AndroidManifest.xml:5:5-7:41
MERGED from [androidx.savedstate:savedstate:1.2.0] AndroidManifest.xml:20:5-22:41
MERGED from [androidx.savedstate:savedstate:1.2.0] AndroidManifest.xml:20:5-22:41
MERGED from [com.zhy:okhttputils:2.0.0] AndroidManifest.xml:7:5-9:41
MERGED from [com.zhy:okhttputils:2.0.0] AndroidManifest.xml:7:5-9:41
MERGED from [androidx.annotation:annotation-experimental:1.3.0] AndroidManifest.xml:20:5-44
MERGED from [androidx.annotation:annotation-experimental:1.3.0] AndroidManifest.xml:20:5-44
MERGED from [androidx.cursoradapter:cursoradapter:1.0.0] AndroidManifest.xml:20:5-44
MERGED from [androidx.cursoradapter:cursoradapter:1.0.0] AndroidManifest.xml:20:5-44
MERGED from [androidx.lifecycle:lifecycle-process:2.4.1] AndroidManifest.xml:21:5-23:41
MERGED from [androidx.lifecycle:lifecycle-process:2.4.1] AndroidManifest.xml:21:5-23:41
MERGED from [androidx.lifecycle:lifecycle-runtime:2.5.1] AndroidManifest.xml:20:5-22:41
MERGED from [androidx.lifecycle:lifecycle-runtime:2.5.1] AndroidManifest.xml:20:5-22:41
MERGED from [androidx.cardview:cardview:1.0.0] AndroidManifest.xml:20:5-44
MERGED from [androidx.cardview:cardview:1.0.0] AndroidManifest.xml:20:5-44
MERGED from [com.github.bumptech.glide:gifdecoder:4.14.2] AndroidManifest.xml:5:5-7:41
MERGED from [com.github.bumptech.glide:gifdecoder:4.14.2] AndroidManifest.xml:5:5-7:41
MERGED from [androidx.exifinterface:exifinterface:1.3.3] AndroidManifest.xml:20:5-22:41
MERGED from [androidx.exifinterface:exifinterface:1.3.3] AndroidManifest.xml:20:5-22:41
MERGED from [androidx.startup:startup-runtime:1.1.1] AndroidManifest.xml:21:5-23:41
MERGED from [androidx.startup:startup-runtime:1.1.1] AndroidManifest.xml:21:5-23:41
MERGED from [androidx.tracing:tracing:1.0.0] AndroidManifest.xml:20:5-22:41
MERGED from [androidx.tracing:tracing:1.0.0] AndroidManifest.xml:20:5-22:41
MERGED from [androidx.localbroadcastmanager:localbroadcastmanager:1.0.0] AndroidManifest.xml:20:5-44
MERGED from [androidx.localbroadcastmanager:localbroadcastmanager:1.0.0] AndroidManifest.xml:20:5-44
MERGED from [androidx.versionedparcelable:versionedparcelable:1.1.1] AndroidManifest.xml:20:5-22:41
MERGED from [androidx.versionedparcelable:versionedparcelable:1.1.1] AndroidManifest.xml:20:5-22:41
MERGED from [androidx.lifecycle:lifecycle-livedata:2.1.0] AndroidManifest.xml:20:5-44
MERGED from [androidx.lifecycle:lifecycle-livedata:2.1.0] AndroidManifest.xml:20:5-44
MERGED from [androidx.lifecycle:lifecycle-livedata-core:2.5.1] AndroidManifest.xml:20:5-22:41
MERGED from [androidx.lifecycle:lifecycle-livedata-core:2.5.1] AndroidManifest.xml:20:5-22:41
MERGED from [androidx.arch.core:core-runtime:2.1.0] AndroidManifest.xml:20:5-22:41
MERGED from [androidx.arch.core:core-runtime:2.1.0] AndroidManifest.xml:20:5-22:41
MERGED from [androidx.interpolator:interpolator:1.0.0] AndroidManifest.xml:20:5-44
MERGED from [androidx.interpolator:interpolator:1.0.0] AndroidManifest.xml:20:5-44
MERGED from [androidx.documentfile:documentfile:1.0.0] AndroidManifest.xml:20:5-44
MERGED from [androidx.documentfile:documentfile:1.0.0] AndroidManifest.xml:20:5-44
MERGED from [androidx.print:print:1.0.0] AndroidManifest.xml:20:5-44
MERGED from [androidx.print:print:1.0.0] AndroidManifest.xml:20:5-44
INJECTED from src\main\AndroidManifest.xml
INJECTED from src\main\AndroidManifest.xml
	tools:overrideLibrary
		ADDED from [com.github.LuckSiege.PictureSelector:picture_library:v2.6.0] AndroidManifest.xml:11:9-170
	android:targetSdkVersion
		INJECTED from src\main\AndroidManifest.xml
		ADDED from src\main\AndroidManifest.xml
		INJECTED from src\main\AndroidManifest.xml
	android:minSdkVersion
		INJECTED from src\main\AndroidManifest.xml
		ADDED from src\main\AndroidManifest.xml
		INJECTED from src\main\AndroidManifest.xml
queries
ADDED from [com.github.LuckSiege.PictureSelector:picture_library:v2.6.0] AndroidManifest.xml:14:5-21:15
	package
		ADDED from [com.github.LuckSiege.PictureSelector:picture_library:v2.6.0] AndroidManifest.xml:14:14-40
intent#action:name:android.media.action.IMAGE_CAPTURE
ADDED from [com.github.LuckSiege.PictureSelector:picture_library:v2.6.0] AndroidManifest.xml:15:9-17:18
action#android.media.action.IMAGE_CAPTURE
ADDED from [com.github.LuckSiege.PictureSelector:picture_library:v2.6.0] AndroidManifest.xml:16:13-73
	android:name
		ADDED from [com.github.LuckSiege.PictureSelector:picture_library:v2.6.0] AndroidManifest.xml:16:21-70
intent#action:name:android.media.action.ACTION_VIDEO_CAPTURE
ADDED from [com.github.LuckSiege.PictureSelector:picture_library:v2.6.0] AndroidManifest.xml:18:9-20:18
action#android.media.action.ACTION_VIDEO_CAPTURE
ADDED from [com.github.LuckSiege.PictureSelector:picture_library:v2.6.0] AndroidManifest.xml:19:13-80
	android:name
		ADDED from [com.github.LuckSiege.PictureSelector:picture_library:v2.6.0] AndroidManifest.xml:19:21-77
provider#com.luck.picture.lib.PictureFileProvider
ADDED from [com.github.LuckSiege.PictureSelector:picture_library:v2.6.0] AndroidManifest.xml:25:9-33:20
	android:grantUriPermissions
		ADDED from [com.github.LuckSiege.PictureSelector:picture_library:v2.6.0] AndroidManifest.xml:29:13-47
	android:authorities
		ADDED from [com.github.LuckSiege.PictureSelector:picture_library:v2.6.0] AndroidManifest.xml:27:13-60
	android:exported
		ADDED from [com.github.LuckSiege.PictureSelector:picture_library:v2.6.0] AndroidManifest.xml:28:13-37
	android:name
		ADDED from [com.github.LuckSiege.PictureSelector:picture_library:v2.6.0] AndroidManifest.xml:26:13-68
meta-data#android.support.FILE_PROVIDER_PATHS
ADDED from [com.github.LuckSiege.PictureSelector:picture_library:v2.6.0] AndroidManifest.xml:30:13-32:54
	android:resource
		ADDED from [com.github.LuckSiege.PictureSelector:picture_library:v2.6.0] AndroidManifest.xml:32:17-51
	android:name
		ADDED from [com.github.LuckSiege.PictureSelector:picture_library:v2.6.0] AndroidManifest.xml:31:17-67
activity#com.luck.picture.lib.PictureSelectorActivity
ADDED from [com.github.LuckSiege.PictureSelector:picture_library:v2.6.0] AndroidManifest.xml:35:9-37:77
	android:configChanges
		ADDED from [com.github.LuckSiege.PictureSelector:picture_library:v2.6.0] AndroidManifest.xml:37:13-74
	android:name
		ADDED from [com.github.LuckSiege.PictureSelector:picture_library:v2.6.0] AndroidManifest.xml:36:13-72
activity#com.luck.picture.lib.PictureSelectorWeChatStyleActivity
ADDED from [com.github.LuckSiege.PictureSelector:picture_library:v2.6.0] AndroidManifest.xml:38:9-40:77
	android:configChanges
		ADDED from [com.github.LuckSiege.PictureSelector:picture_library:v2.6.0] AndroidManifest.xml:40:13-74
	android:name
		ADDED from [com.github.LuckSiege.PictureSelector:picture_library:v2.6.0] AndroidManifest.xml:39:13-83
activity#com.luck.picture.lib.PictureSelectorCameraEmptyActivity
ADDED from [com.github.LuckSiege.PictureSelector:picture_library:v2.6.0] AndroidManifest.xml:41:9-44:64
	android:configChanges
		ADDED from [com.github.LuckSiege.PictureSelector:picture_library:v2.6.0] AndroidManifest.xml:43:13-74
	android:theme
		ADDED from [com.github.LuckSiege.PictureSelector:picture_library:v2.6.0] AndroidManifest.xml:44:13-61
	android:name
		ADDED from [com.github.LuckSiege.PictureSelector:picture_library:v2.6.0] AndroidManifest.xml:42:13-83
activity#com.luck.picture.lib.PictureCustomCameraActivity
ADDED from [com.github.LuckSiege.PictureSelector:picture_library:v2.6.0] AndroidManifest.xml:45:9-47:77
	android:configChanges
		ADDED from [com.github.LuckSiege.PictureSelector:picture_library:v2.6.0] AndroidManifest.xml:47:13-74
	android:name
		ADDED from [com.github.LuckSiege.PictureSelector:picture_library:v2.6.0] AndroidManifest.xml:46:13-76
activity#com.luck.picture.lib.PicturePreviewActivity
ADDED from [com.github.LuckSiege.PictureSelector:picture_library:v2.6.0] AndroidManifest.xml:48:9-50:77
	android:configChanges
		ADDED from [com.github.LuckSiege.PictureSelector:picture_library:v2.6.0] AndroidManifest.xml:50:13-74
	android:name
		ADDED from [com.github.LuckSiege.PictureSelector:picture_library:v2.6.0] AndroidManifest.xml:49:13-71
activity#com.luck.picture.lib.PictureSelectorPreviewWeChatStyleActivity
ADDED from [com.github.LuckSiege.PictureSelector:picture_library:v2.6.0] AndroidManifest.xml:51:9-53:77
	android:configChanges
		ADDED from [com.github.LuckSiege.PictureSelector:picture_library:v2.6.0] AndroidManifest.xml:53:13-74
	android:name
		ADDED from [com.github.LuckSiege.PictureSelector:picture_library:v2.6.0] AndroidManifest.xml:52:13-90
activity#com.luck.picture.lib.PictureVideoPlayActivity
ADDED from [com.github.LuckSiege.PictureSelector:picture_library:v2.6.0] AndroidManifest.xml:54:9-57:50
	android:screenOrientation
		ADDED from [com.github.LuckSiege.PictureSelector:picture_library:v2.6.0] AndroidManifest.xml:57:13-47
	android:configChanges
		ADDED from [com.github.LuckSiege.PictureSelector:picture_library:v2.6.0] AndroidManifest.xml:56:13-74
	android:name
		ADDED from [com.github.LuckSiege.PictureSelector:picture_library:v2.6.0] AndroidManifest.xml:55:13-73
activity#com.luck.picture.lib.PictureExternalPreviewActivity
ADDED from [com.github.LuckSiege.PictureSelector:picture_library:v2.6.0] AndroidManifest.xml:58:9-60:77
	android:configChanges
		ADDED from [com.github.LuckSiege.PictureSelector:picture_library:v2.6.0] AndroidManifest.xml:60:13-74
	android:name
		ADDED from [com.github.LuckSiege.PictureSelector:picture_library:v2.6.0] AndroidManifest.xml:59:13-79
activity#com.luck.picture.lib.PicturePlayAudioActivity
ADDED from [com.github.LuckSiege.PictureSelector:picture_library:v2.6.0] AndroidManifest.xml:61:9-63:77
	android:configChanges
		ADDED from [com.github.LuckSiege.PictureSelector:picture_library:v2.6.0] AndroidManifest.xml:63:13-74
	android:name
		ADDED from [com.github.LuckSiege.PictureSelector:picture_library:v2.6.0] AndroidManifest.xml:62:13-73
activity#com.yalantis.ucrop.UCropActivity
ADDED from [com.github.LuckSiege.PictureSelector:picture_library:v2.6.0] AndroidManifest.xml:64:9-66:61
	android:theme
		ADDED from [com.github.LuckSiege.PictureSelector:picture_library:v2.6.0] AndroidManifest.xml:66:13-58
	android:name
		ADDED from [com.github.LuckSiege.PictureSelector:picture_library:v2.6.0] AndroidManifest.xml:65:13-60
activity#com.yalantis.ucrop.PictureMultiCuttingActivity
ADDED from [com.github.LuckSiege.PictureSelector:picture_library:v2.6.0] AndroidManifest.xml:67:9-69:61
	android:theme
		ADDED from [com.github.LuckSiege.PictureSelector:picture_library:v2.6.0] AndroidManifest.xml:69:13-58
	android:name
		ADDED from [com.github.LuckSiege.PictureSelector:picture_library:v2.6.0] AndroidManifest.xml:68:13-74
provider#androidx.startup.InitializationProvider
ADDED from [androidx.emoji2:emoji2:1.2.0] AndroidManifest.xml:24:9-32:20
MERGED from [androidx.lifecycle:lifecycle-process:2.4.1] AndroidManifest.xml:26:9-34:20
MERGED from [androidx.lifecycle:lifecycle-process:2.4.1] AndroidManifest.xml:26:9-34:20
MERGED from [androidx.startup:startup-runtime:1.1.1] AndroidManifest.xml:26:9-30:34
MERGED from [androidx.startup:startup-runtime:1.1.1] AndroidManifest.xml:26:9-30:34
	tools:node
		ADDED from [androidx.emoji2:emoji2:1.2.0] AndroidManifest.xml:28:13-31
	android:authorities
		ADDED from [androidx.emoji2:emoji2:1.2.0] AndroidManifest.xml:26:13-68
	android:exported
		ADDED from [androidx.emoji2:emoji2:1.2.0] AndroidManifest.xml:27:13-37
	android:name
		ADDED from [androidx.emoji2:emoji2:1.2.0] AndroidManifest.xml:25:13-67
meta-data#androidx.emoji2.text.EmojiCompatInitializer
ADDED from [androidx.emoji2:emoji2:1.2.0] AndroidManifest.xml:29:13-31:52
	android:value
		ADDED from [androidx.emoji2:emoji2:1.2.0] AndroidManifest.xml:31:17-49
	android:name
		ADDED from [androidx.emoji2:emoji2:1.2.0] AndroidManifest.xml:30:17-75
permission#${applicationId}.DYNAMIC_RECEIVER_NOT_EXPORTED_PERMISSION
ADDED from [androidx.core:core:1.9.0] AndroidManifest.xml:22:5-24:47
	android:protectionLevel
		ADDED from [androidx.core:core:1.9.0] AndroidManifest.xml:24:9-44
	android:name
		ADDED from [androidx.core:core:1.9.0] AndroidManifest.xml:23:9-81
permission#com.example.huangjinyuxuexiqiangguo.DYNAMIC_RECEIVER_NOT_EXPORTED_PERMISSION
ADDED from [androidx.core:core:1.9.0] AndroidManifest.xml:22:5-24:47
	android:protectionLevel
		ADDED from [androidx.core:core:1.9.0] AndroidManifest.xml:24:9-44
	android:name
		ADDED from [androidx.core:core:1.9.0] AndroidManifest.xml:23:9-81
uses-permission#${applicationId}.DYNAMIC_RECEIVER_NOT_EXPORTED_PERMISSION
ADDED from [androidx.core:core:1.9.0] AndroidManifest.xml:26:5-97
	android:name
		ADDED from [androidx.core:core:1.9.0] AndroidManifest.xml:26:22-94